{"total": {"lines":{"total":3450,"covered":317,"skipped":0,"pct":9.18},"statements":{"total":3450,"covered":317,"skipped":0,"pct":9.18},"functions":{"total":31,"covered":3,"skipped":0,"pct":9.67},"branches":{"total":34,"covered":16,"skipped":0,"pct":47.05},"branchesTrue":{"total":0,"covered":0,"skipped":0,"pct":100}}
,"C:\\Users\\Khushi\\OneDrive\\Desktop\\projects\\asioe v2\\frontend\\src\\App.tsx": {"lines":{"total":15,"covered":0,"skipped":0,"pct":0},"functions":{"total":1,"covered":0,"skipped":0,"pct":0},"statements":{"total":15,"covered":0,"skipped":0,"pct":0},"branches":{"total":1,"covered":0,"skipped":0,"pct":0}}
,"C:\\Users\\Khushi\\OneDrive\\Desktop\\projects\\asioe v2\\frontend\\src\\components\\dashboard\\GapAnalysisView.tsx": {"lines":{"total":250,"covered":0,"skipped":0,"pct":0},"functions":{"total":1,"covered":0,"skipped":0,"pct":0},"statements":{"total":250,"covered":0,"skipped":0,"pct":0},"branches":{"total":1,"covered":0,"skipped":0,"pct":0}}
,"C:\\Users\\Khushi\\OneDrive\\Desktop\\projects\\asioe v2\\frontend\\src\\components\\dashboard\\LearningPathView.tsx": {"lines":{"total":281,"covered":0,"skipped":0,"pct":0},"functions":{"total":1,"covered":0,"skipped":0,"pct":0},"statements":{"total":281,"covered":0,"skipped":0,"pct":0},"branches":{"total":1,"covered":0,"skipped":0,"pct":0}}
,"C:\\Users\\Khushi\\OneDrive\\Desktop\\projects\\asioe v2\\frontend\\src\\components\\dashboard\\SimulationPanel.tsx": {"lines":{"total":255,"covered":0,"skipped":0,"pct":0},"functions":{"total":1,"covered":0,"skipped":0,"pct":0},"statements":{"total":255,"covered":0,"skipped":0,"pct":0},"branches":{"total":1,"covered":0,"skipped":0,"pct":0}}
,"C:\\Users\\Khushi\\OneDrive\\Desktop\\projects\\asioe v2\\frontend\\src\\components\\dashboard\\SkillProfileView.tsx": {"lines":{"total":159,"covered":0,"skipped":0,"pct":0},"functions":{"total":1,"covered":0,"skipped":0,"pct":0},"statements":{"total":159,"covered":0,"skipped":0,"pct":0},"branches":{"total":1,"covered":0,"skipped":0,"pct":0}}
,"C:\\Users\\Khushi\\OneDrive\\Desktop\\projects\\asioe v2\\frontend\\src\\components\\explainability\\ExplainabilityConsole.tsx": {"lines":{"total":249,"covered":0,"skipped":0,"pct":0},"functions":{"total":1,"covered":0,"skipped":0,"pct":0},"statements":{"total":249,"covered":0,"skipped":0,"pct":0},"branches":{"total":1,"covered":0,"skipped":0,"pct":0}}
,"C:\\Users\\Khushi\\OneDrive\\Desktop\\projects\\asioe v2\\frontend\\src\\components\\graph\\SkillGraphD3.tsx": {"lines":{"total":277,"covered":0,"skipped":0,"pct":0},"functions":{"total":1,"covered":0,"skipped":0,"pct":0},"statements":{"total":277,"covered":0,"skipped":0,"pct":0},"branches":{"total":1,"covered":0,"skipped":0,"pct":0}}
,"c:\\Users\\Khushi\\OneDrive\\Desktop\\projects\\asioe v2\\frontend\\src\\pages\\AnalyzePage.test.tsx": {"lines":{"total":63,"covered":46,"skipped":0,"pct":73.01},"functions":{"total":0,"covered":0,"skipped":0,"pct":100},"statements":{"total":63,"covered":46,"skipped":0,"pct":73.01},"branches":{"total":8,"covered":6,"skipped":0,"pct":75}}
,"C:\\Users\\Khushi\\OneDrive\\Desktop\\projects\\asioe v2\\frontend\\src\\pages\\AnalyzePage.test.tsx": {"lines":{"total":63,"covered":0,"skipped":0,"pct":0},"functions":{"total":1,"covered":0,"skipped":0,"pct":0},"statements":{"total":63,"covered":0,"skipped":0,"pct":0},"branches":{"total":1,"covered":0,"skipped":0,"pct":0}}
,"c:\\Users\\Khushi\\OneDrive\\Desktop\\projects\\asioe v2\\frontend\\src\\pages\\AnalyzePage.tsx": {"lines":{"total":383,"covered":210,"skipped":0,"pct":54.83},"functions":{"total":4,"covered":1,"skipped":0,"pct":25},"statements":{"total":383,"covered":210,"skipped":0,"pct":54.83},"branches":{"total":7,"covered":6,"skipped":0,"pct":85.71}}
,"C:\\Users\\Khushi\\OneDrive\\Desktop\\projects\\asioe v2\\frontend\\src\\pages\\AnalyzePage.tsx": {"lines":{"total":383,"covered":0,"skipped":0,"pct":0},"functions":{"total":1,"covered":0,"skipped":0,"pct":0},"statements":{"total":383,"covered":0,"skipped":0,"pct":0},"branches":{"total":1,"covered":0,"skipped":0,"pct":0}}
,"C:\\Users\\Khushi\\OneDrive\\Desktop\\projects\\asioe v2\\frontend\\src\\pages\\DashboardPage.tsx": {"lines":{"total":275,"covered":0,"skipped":0,"pct":0},"functions":{"total":1,"covered":0,"skipped":0,"pct":0},"statements":{"total":275,"covered":0,"skipped":0,"pct":0},"branches":{"total":1,"covered":0,"skipped":0,"pct":0}}
,"C:\\Users\\Khushi\\OneDrive\\Desktop\\projects\\asioe v2\\frontend\\src\\pages\\HomePage.tsx": {"lines":{"total":304,"covered":0,"skipped":0,"pct":0},"functions":{"total":1,"covered":0,"skipped":0,"pct":0},"statements":{"total":304,"covered":0,"skipped":0,"pct":0},"branches":{"total":1,"covered":0,"skipped":0,"pct":0}}
,"c:\\Users\\Khushi\\OneDrive\\Desktop\\projects\\asioe v2\\frontend\\src\\store\\useStore.ts": {"lines":{"total":74,"covered":61,"skipped":0,"pct":82.43},"functions":{"total":12,"covered":2,"skipped":0,"pct":16.66},"statements":{"total":74,"covered":61,"skipped":0,"pct":82.43},"branches":{"total":4,"covered":4,"skipped":0,"pct":100}}
,"C:\\Users\\Khushi\\OneDrive\\Desktop\\projects\\asioe v2\\frontend\\src\\store\\useStore.ts": {"lines":{"total":74,"covered":0,"skipped":0,"pct":0},"functions":{"total":1,"covered":0,"skipped":0,"pct":0},"statements":{"total":74,"covered":0,"skipped":0,"pct":0},"branches":{"total":1,"covered":0,"skipped":0,"pct":0}}
,"C:\\Users\\Khushi\\OneDrive\\Desktop\\projects\\asioe v2\\frontend\\src\\types\\index.ts": {"lines":{"total":186,"covered":0,"skipped":0,"pct":0},"functions":{"total":1,"covered":0,"skipped":0,"pct":0},"statements":{"total":186,"covered":0,"skipped":0,"pct":0},"branches":{"total":1,"covered":0,"skipped":0,"pct":0}}
,"C:\\Users\\Khushi\\OneDrive\\Desktop\\projects\\asioe v2\\frontend\\src\\utils\\api.ts": {"lines":{"total":103,"covered":0,"skipped":0,"pct":0},"functions":{"total":1,"covered":0,"skipped":0,"pct":0},"statements":{"total":103,"covered":0,"skipped":0,"pct":0},"branches":{"total":1,"covered":0,"skipped":0,"pct":0}}
,"C:\\Users\\Khushi\\OneDrive\\Desktop\\projects\\asioe v2\\frontend\\src\\utils\\helpers.ts": {"lines":{"total":56,"covered":0,"skipped":0,"pct":0},"functions":{"total":1,"covered":0,"skipped":0,"pct":0},"statements":{"total":56,"covered":0,"skipped":0,"pct":0},"branches":{"total":1,"covered":0,"skipped":0,"pct":0}}
}
